<?xml version="1.0" encoding="UTF-8"?>
<!-- Generated by org.testng.reporters.JUnitXMLReporter -->
<testsuite ignored="1" hostname="LAPTOP-7P8Q34AU" failures="0" tests="1" name="Default test" time="6.387" errors="0" timestamp="2024-03-22T16:03:17 IST">
  <testcase classname="Project.blazedemo.TestCases.BlazedemoTestCase" name="vesas" time="2.33"/>
  <testcase classname="Project.blazedemo.TestCases.BlazedemoTestCase" name="dropdownTest" time="0.0">
    <ignored/>
  </testcase> <!-- dropdownTest -->
</testsuite> <!-- Default test -->
