<?xml version="1.0" encoding="UTF-8"?>
<testng-results ignored="1" total="2" passed="1" failed="0" skipped="0">
  <reporter-output>
  </reporter-output>
  <suite started-at="2024-03-22T16:03:11 IST" name="Default suite" finished-at="2024-03-22T16:03:17 IST" duration-ms="6387">
    <groups>
    </groups>
    <test started-at="2024-03-22T16:03:11 IST" name="Default test" finished-at="2024-03-22T16:03:17 IST" duration-ms="6387">
      <class name="Project.blazedemo.TestCases.BlazedemoTestCase">
        <test-method is-config="true" signature="setUp()[pri:0, instance:Project.blazedemo.TestCases.BlazedemoTestCase@543588e6]" started-at="2024-03-22T16:03:11 IST" name="setUp" finished-at="2024-03-22T16:03:15 IST" duration-ms="3862" status="PASS">
          <reporter-output>
          </reporter-output>
        </test-method> <!-- setUp -->
        <test-method signature="vesas()[pri:0, instance:Project.blazedemo.TestCases.BlazedemoTestCase@543588e6]" started-at="2024-03-22T16:03:15 IST" name="vesas" finished-at="2024-03-22T16:03:17 IST" duration-ms="2330" status="PASS">
          <reporter-output>
          </reporter-output>
        </test-method> <!-- vesas -->
        <test-method is-config="true" signature="tearDown()[pri:0, instance:Project.blazedemo.TestCases.BlazedemoTestCase@543588e6]" started-at="2024-03-22T16:03:17 IST" name="tearDown" finished-at="2024-03-22T16:03:17 IST" duration-ms="178" status="PASS">
          <reporter-output>
          </reporter-output>
        </test-method> <!-- tearDown -->
      </class> <!-- Project.blazedemo.TestCases.BlazedemoTestCase -->
    </test> <!-- Default test -->
  </suite> <!-- Default suite -->
</testng-results>
